c:\users\jared\documents\github\sample_code_462\desktop_demo_1\debug\vc142.pdb
c:\users\jared\documents\github\sample_code_462\desktop_demo_1\debug\vc142.idb
c:\users\jared\documents\github\sample_code_462\desktop_demo_1\debug\userinterfacehandler.obj
c:\users\jared\documents\github\sample_code_462\desktop_demo_1\debug\systemdriverui.obj
c:\users\jared\documents\github\sample_code_462\desktop_demo_1\debug\simpleui.obj
c:\users\jared\documents\github\sample_code_462\desktop_demo_1\debug\simpledb.obj
c:\users\jared\documents\github\sample_code_462\desktop_demo_1\debug\persistencehandler.obj
c:\users\jared\documents\github\sample_code_462\desktop_demo_1\debug\loggerhandler.obj
c:\users\jared\documents\github\sample_code_462\desktop_demo_1\debug\main.obj
c:\users\jared\documents\github\sample_code_462\desktop_demo_1\debug\sessionhandler.obj
c:\users\jared\documents\github\sample_code_462\desktop_demo_1\debug\session.obj
c:\users\jared\documents\github\sample_code_462\desktop_demo_1\debug\customer.obj
c:\users\jared\documents\github\sample_code_462\debug\desktop_demo_1.exe
c:\users\jared\documents\github\sample_code_462\debug\desktop_demo_1.ilk
c:\users\jared\documents\github\sample_code_462\debug\desktop_demo_1.pdb
c:\users\jared\documents\github\sample_code_462\desktop_demo_1\debug\desktop_demo_1.tlog\cl.command.1.tlog
c:\users\jared\documents\github\sample_code_462\desktop_demo_1\debug\desktop_demo_1.tlog\cl.read.1.tlog
c:\users\jared\documents\github\sample_code_462\desktop_demo_1\debug\desktop_demo_1.tlog\cl.write.1.tlog
c:\users\jared\documents\github\sample_code_462\desktop_demo_1\debug\desktop_demo_1.tlog\link.command.1.tlog
c:\users\jared\documents\github\sample_code_462\desktop_demo_1\debug\desktop_demo_1.tlog\link.read.1.tlog
c:\users\jared\documents\github\sample_code_462\desktop_demo_1\debug\desktop_demo_1.tlog\link.write.1.tlog
